0 info it worked if it ends with ok
1 verbose cli [ '/usr/local/Cellar/node5/5.11.1/bin/node',
1 verbose cli   '/usr/local/bin/npm',
1 verbose cli   'install',
1 verbose cli   '--save',
1 verbose cli   'pixi-lights' ]
2 info using npm@3.8.6
3 info using node@v5.11.1
4 silly loadCurrentTree Starting
5 silly install loadCurrentTree
6 silly install readLocalPackageData
7 silly fetchPackageMetaData pixi-lights
8 silly fetchNamedPackageData pixi-lights
9 silly mapToRegistry name pixi-lights
10 silly mapToRegistry using default registry
11 silly mapToRegistry registry https://registry.npmjs.org/
12 silly mapToRegistry data Result {
12 silly mapToRegistry   raw: 'pixi-lights',
12 silly mapToRegistry   scope: null,
12 silly mapToRegistry   name: 'pixi-lights',
12 silly mapToRegistry   rawSpec: '',
12 silly mapToRegistry   spec: 'latest',
12 silly mapToRegistry   type: 'tag' }
13 silly mapToRegistry uri https://registry.npmjs.org/pixi-lights
14 verbose request uri https://registry.npmjs.org/pixi-lights
15 verbose request no auth needed
16 info attempt registry request try #1 at 5:32:15 PM
17 verbose request using bearer token for auth
18 verbose request id 2a9fab61c3111901
19 http request GET https://registry.npmjs.org/pixi-lights
20 http 404 https://registry.npmjs.org/pixi-lights
21 verbose headers { 'content-type': 'application/json',
21 verbose headers   'cache-control': 'max-age=0',
21 verbose headers   'content-length': '2',
21 verbose headers   'accept-ranges': 'bytes',
21 verbose headers   date: 'Wed, 13 Jul 2016 16:32:17 GMT',
21 verbose headers   via: '1.1 varnish',
21 verbose headers   connection: 'keep-alive',
21 verbose headers   'x-served-by': 'cache-lhr6334-LHR',
21 verbose headers   'x-cache': 'MISS',
21 verbose headers   'x-cache-hits': '0',
21 verbose headers   'x-timer': 'S1468427537.020763,VS0,VE186',
21 verbose headers   vary: 'Accept-Encoding' }
22 silly get cb [ 404,
22 silly get   { 'content-type': 'application/json',
22 silly get     'cache-control': 'max-age=0',
22 silly get     'content-length': '2',
22 silly get     'accept-ranges': 'bytes',
22 silly get     date: 'Wed, 13 Jul 2016 16:32:17 GMT',
22 silly get     via: '1.1 varnish',
22 silly get     connection: 'keep-alive',
22 silly get     'x-served-by': 'cache-lhr6334-LHR',
22 silly get     'x-cache': 'MISS',
22 silly get     'x-cache-hits': '0',
22 silly get     'x-timer': 'S1468427537.020763,VS0,VE186',
22 silly get     vary: 'Accept-Encoding' } ]
23 silly fetchPackageMetaData Error: Registry returned 404 for GET on https://registry.npmjs.org/pixi-lights
23 silly fetchPackageMetaData     at makeError (/usr/local/lib/node_modules/npm/node_modules/npm-registry-client/lib/request.js:264:12)
23 silly fetchPackageMetaData     at CachingRegistryClient.<anonymous> (/usr/local/lib/node_modules/npm/node_modules/npm-registry-client/lib/request.js:242:14)
23 silly fetchPackageMetaData     at Request._callback (/usr/local/lib/node_modules/npm/node_modules/npm-registry-client/lib/request.js:172:14)
23 silly fetchPackageMetaData     at Request.self.callback (/usr/local/lib/node_modules/npm/node_modules/request/request.js:199:22)
23 silly fetchPackageMetaData     at emitTwo (events.js:100:13)
23 silly fetchPackageMetaData     at Request.emit (events.js:185:7)
23 silly fetchPackageMetaData     at Request.<anonymous> (/usr/local/lib/node_modules/npm/node_modules/request/request.js:1036:10)
23 silly fetchPackageMetaData     at emitOne (events.js:95:20)
23 silly fetchPackageMetaData     at Request.emit (events.js:182:7)
23 silly fetchPackageMetaData     at IncomingMessage.<anonymous> (/usr/local/lib/node_modules/npm/node_modules/request/request.js:963:12)
23 silly fetchPackageMetaData  error for pixi-lights { [Error: Registry returned 404 for GET on https://registry.npmjs.org/pixi-lights] pkgid: 'pixi-lights', statusCode: 404, code: 'E404' }
24 silly rollbackFailedOptional Starting
25 silly rollbackFailedOptional Finishing
26 silly runTopLevelLifecycles Starting
27 silly runTopLevelLifecycles Finishing
28 silly install printInstalled
29 verbose stack Error: Registry returned 404 for GET on https://registry.npmjs.org/pixi-lights
29 verbose stack     at makeError (/usr/local/lib/node_modules/npm/node_modules/npm-registry-client/lib/request.js:264:12)
29 verbose stack     at CachingRegistryClient.<anonymous> (/usr/local/lib/node_modules/npm/node_modules/npm-registry-client/lib/request.js:242:14)
29 verbose stack     at Request._callback (/usr/local/lib/node_modules/npm/node_modules/npm-registry-client/lib/request.js:172:14)
29 verbose stack     at Request.self.callback (/usr/local/lib/node_modules/npm/node_modules/request/request.js:199:22)
29 verbose stack     at emitTwo (events.js:100:13)
29 verbose stack     at Request.emit (events.js:185:7)
29 verbose stack     at Request.<anonymous> (/usr/local/lib/node_modules/npm/node_modules/request/request.js:1036:10)
29 verbose stack     at emitOne (events.js:95:20)
29 verbose stack     at Request.emit (events.js:182:7)
29 verbose stack     at IncomingMessage.<anonymous> (/usr/local/lib/node_modules/npm/node_modules/request/request.js:963:12)
30 verbose statusCode 404
31 verbose pkgid pixi-lights
32 verbose cwd /Users/fareeddudhia/vagrant-dev/www/projects/js/dirt_nap
33 error Darwin 14.5.0
34 error argv "/usr/local/Cellar/node5/5.11.1/bin/node" "/usr/local/bin/npm" "install" "--save" "pixi-lights"
35 error node v5.11.1
36 error npm  v3.8.6
37 error code E404
38 error 404 Registry returned 404 for GET on https://registry.npmjs.org/pixi-lights
39 error 404
40 error 404 'pixi-lights' is not in the npm registry.
41 error 404 You should bug the author to publish it (or use the name yourself!)
42 error 404 Note that you can also install from a
43 error 404 tarball, folder, http url, or git url.
44 verbose exit [ 1, true ]
